<?xml version="1.0" encoding="UTF-8"?><testsuite errors="1" failures="0" name="Create a meeting" skipped="0" tests="1" time="22.76" timestamp="2022-08-24 04:34:08"><testcase name="create a new meeting in StartSharp"><error message="no such window: target window already closed&#10;from unknown error: web view not found&#10;  (Session info: chrome=104.0.5112.102)&#10;Build info: version: '3.141.59', revision: 'e82be7d358', time: '2018-11-14T08:17:03'&#10;System info: host: 'CHBOGH0LWD82', ip: '192.168.100.237', os.name: 'Windows 10', os.arch: 'amd64', os.version: '10.0', java.version: '1.8.0_171'&#10;Driver info: org.openqa.selenium.chrome.ChromeDriver&#10;Capabilities {acceptInsecureCerts: false, browserName: chrome, browserVersion: 104.0.5112.102, chrome: {chromedriverVersion: 104.0.5112.79 (3cf3e8c8a07d..., userDataDir: C:\Users\SOPORT~1\AppData\L...}, goog:chromeOptions: {debuggerAddress: localhost:57930}, javascriptEnabled: true, networkConnectionEnabled: false, pageLoadStrategy: normal, platform: WINDOWS, platformName: WINDOWS, proxy: Proxy(), setWindowRect: true, strictFileInteractability: false, timeouts: {implicit: 0, pageLoad: 300000, script: 30000}, unhandledPromptBehavior: dismiss and notify, webauthn:extension:credBlob: true, webauthn:extension:largeBlob: true, webauthn:virtualAuthenticators: true}&#10;Session ID: 8576f5951725f1290483c02185f0b18d&#10;*** Element info: {Using=xpath, value=(//span[@class='button-inner'])[1]}" type="org.openqa.selenium.NoSuchWindowException">no such window: target window already closed
from unknown error: web view not found
  (Session info: chrome=104.0.5112.102)
Build info: version: '3.141.59', revision: 'e82be7d358', time: '2018-11-14T08:17:03'
System info: host: 'CHBOGH0LWD82', ip: '192.168.100.237', os.name: 'Windows 10', os.arch: 'amd64', os.version: '10.0', java.version: '1.8.0_171'
Driver info: org.openqa.selenium.chrome.ChromeDriver
Capabilities {acceptInsecureCerts: false, browserName: chrome, browserVersion: 104.0.5112.102, chrome: {chromedriverVersion: 104.0.5112.79 (3cf3e8c8a07d..., userDataDir: C:\Users\SOPORT~1\AppData\L...}, goog:chromeOptions: {debuggerAddress: localhost:57930}, javascriptEnabled: true, networkConnectionEnabled: false, pageLoadStrategy: normal, platform: WINDOWS, platformName: WINDOWS, proxy: Proxy(), setWindowRect: true, strictFileInteractability: false, timeouts: {implicit: 0, pageLoad: 300000, script: 30000}, unhandledPromptBehavior: dismiss and notify, webauthn:extension:credBlob: true, webauthn:extension:largeBlob: true, webauthn:virtualAuthenticators: true}
Session ID: 8576f5951725f1290483c02185f0b18d
*** Element info: {Using=xpath, value=(//span[@class='button-inner'])[1]}</error><system-err>no such window: target window already closed
from unknown error: web view not found
  (Session info: chrome=104.0.5112.102)
Build info: version: '3.141.59', revision: 'e82be7d358', time: '2018-11-14T08:17:03'
System info: host: 'CHBOGH0LWD82', ip: '192.168.100.237', os.name: 'Windows 10', os.arch: 'amd64', os.version: '10.0', java.version: '1.8.0_171'
Driver info: org.openqa.selenium.chrome.ChromeDriver
Capabilities {acceptInsecureCerts: false, browserName: chrome, browserVersion: 104.0.5112.102, chrome: {chromedriverVersion: 104.0.5112.79 (3cf3e8c8a07d..., userDataDir: C:\Users\SOPORT~1\AppData\L...}, goog:chromeOptions: {debuggerAddress: localhost:57930}, javascriptEnabled: true, networkConnectionEnabled: false, pageLoadStrategy: normal, platform: WINDOWS, platformName: WINDOWS, proxy: Proxy(), setWindowRect: true, strictFileInteractability: false, timeouts: {implicit: 0, pageLoad: 300000, script: 30000}, unhandledPromptBehavior: dismiss and notify, webauthn:extension:credBlob: true, webauthn:extension:largeBlob: true, webauthn:virtualAuthenticators: true}
Session ID: 8576f5951725f1290483c02185f0b18d
*** Element info: {Using=xpath, value=(//span[@class='button-inner'])[1]}&#13;
reto.start.sharp.tasks.CreateMeeting.performAs(CreateMeeting.java:30)&#13;
reto.start.sharp.stepsdefinitions.StepDefinitions.createANewMeeting(StepDefinitions.java:43)&#13;
cucumber.runner.Runner.runPickle(Runner.java:80)&#13;
worker.org.gradle.process.internal.worker.GradleWorkerMain.run(GradleWorkerMain.java:69)&#13;
worker.org.gradle.process.internal.worker.GradleWorkerMain.main(GradleWorkerMain.java:74)&#13;
</system-err></testcase></testsuite>