<?xml version="1.0" encoding="UTF-8"?><testsuite errors="0" failures="1" name="Create a meeting" skipped="0" tests="1" time="48.41" timestamp="2022-08-22 03:43:25"><testcase name="create a new meeting in StartSharp"><failure message="The following error occurred: Expected enabled element was not enabled" type="net.thucydides.core.webdriver.exceptions.ElementShouldBeEnabledException">The following error occurred: Expected enabled element was not enabled</failure><system-err>The following error occurred: Expected enabled element was not enabled&#13;
reto.start.sharp.tasks.SingIn.performAs(SingIn.java:30)&#13;
reto.start.sharp.stepsdefinitions.StepDefinitions.loginPageWithMyCredentials(StepDefinitions.java:27)&#13;
cucumber.runner.Runner.runPickle(Runner.java:80)&#13;
worker.org.gradle.process.internal.worker.GradleWorkerMain.run(GradleWorkerMain.java:69)&#13;
worker.org.gradle.process.internal.worker.GradleWorkerMain.main(GradleWorkerMain.java:74)&#13;
</system-err></testcase></testsuite>